This file contains any messages produced by compilers while
running configure, to aid debugging if configure makes a mistake.

It was created by tabu_audio_player configure 1.0, which was
generated by GNU Autoconf 2.63.  Invocation command line was

  $ ./configure 

## --------- ##
## Platform. ##
## --------- ##

hostname = thaddeus
uname -m = i686
uname -r = 2.6.27.19-170.2.35.fc10.i686
uname -s = Linux
uname -v = #1 SMP Mon Feb 23 13:21:22 EST 2009

/usr/bin/uname -p = unknown
/bin/uname -X     = unknown

/bin/arch              = i686
/usr/bin/arch -k       = unknown
/usr/convex/getsysinfo = unknown
/usr/bin/hostinfo      = unknown
/bin/machine           = unknown
/usr/bin/oslevel       = unknown
/bin/universe          = unknown

PATH: /usr/kerberos/bin
PATH: /usr/local/bin
PATH: /usr/bin
PATH: /bin
PATH: /usr/local/sbin
PATH: /usr/sbin
PATH: /sbin
PATH: /home/jorge/bin


## ----------- ##
## Core tests. ##
## ----------- ##

configure:1851: checking for a BSD-compatible install
configure:1919: result: /usr/bin/install -c
configure:1930: checking whether build environment is sane
configure:1973: result: yes
configure:1998: checking for a thread-safe mkdir -p
configure:2037: result: /bin/mkdir -p
configure:2050: checking for gawk
configure:2066: found /usr/bin/gawk
configure:2077: result: gawk
configure:2088: checking whether make sets $(MAKE)
configure:2110: result: yes
configure:2349: checking for gcc
configure:2365: found /usr/bin/gcc
configure:2376: result: gcc
configure:2608: checking for C compiler version
configure:2616: gcc --version >&5
gcc (GCC) 4.3.2 20081105 (Red Hat 4.3.2-7)
Copyright (C) 2008 Free Software Foundation, Inc.
This is free software; see the source for copying conditions.  There is NO
warranty; not even for MERCHANTABILITY or FITNESS FOR A PARTICULAR PURPOSE.

configure:2620: $? = 0
configure:2627: gcc -v >&5
Using built-in specs.
Target: i386-redhat-linux
Configured with: ../configure --prefix=/usr --mandir=/usr/share/man --infodir=/usr/share/info --with-bugurl=http://bugzilla.redhat.com/bugzilla --enable-bootstrap --enable-shared --enable-threads=posix --enable-checking=release --with-system-zlib --enable-__cxa_atexit --disable-libunwind-exceptions --enable-languages=c,c++,objc,obj-c++,java,fortran,ada --enable-java-awt=gtk --disable-dssi --enable-plugin --with-java-home=/usr/lib/jvm/java-1.5.0-gcj-1.5.0.0/jre --enable-libgcj-multifile --enable-java-maintainer-mode --with-ecj-jar=/usr/share/java/eclipse-ecj.jar --disable-libjava-multilib --with-cpu=generic --build=i386-redhat-linux
Thread model: posix
gcc version 4.3.2 20081105 (Red Hat 4.3.2-7) (GCC) 
configure:2631: $? = 0
configure:2638: gcc -V >&5
gcc: '-V' option must have argument
configure:2642: $? = 1
configure:2665: checking for C compiler default output file name
configure:2687: gcc    conftest.c  >&5
configure:2691: $? = 0
configure:2729: result: a.out
configure:2748: checking whether the C compiler works
configure:2758: ./a.out
configure:2762: $? = 0
configure:2781: result: yes
configure:2788: checking whether we are cross compiling
configure:2790: result: no
configure:2793: checking for suffix of executables
configure:2800: gcc -o conftest    conftest.c  >&5
configure:2804: $? = 0
configure:2830: result: 
configure:2836: checking for suffix of object files
configure:2862: gcc -c   conftest.c >&5
configure:2866: $? = 0
configure:2891: result: o
configure:2895: checking whether we are using the GNU C compiler
configure:2924: gcc -c   conftest.c >&5
configure:2931: $? = 0
configure:2948: result: yes
configure:2957: checking whether gcc accepts -g
configure:2987: gcc -c -g  conftest.c >&5
configure:2994: $? = 0
configure:3095: result: yes
configure:3112: checking for gcc option to accept ISO C89
configure:3186: gcc  -c -g -O2  conftest.c >&5
configure:3193: $? = 0
configure:3216: result: none needed
configure:3245: checking for style of include used by make
configure:3273: result: GNU
configure:3298: checking dependency style of gcc
configure:3389: result: gcc3
configure:3455: checking for pkg-config
configure:3473: found /usr/bin/pkg-config
configure:3485: result: /usr/bin/pkg-config
configure:3510: checking pkg-config is at least version 0.9.0
configure:3513: result: yes
configure:3525: checking for GLIB
configure:3532: $PKG_CONFIG --exists --print-errors "glib-2.0 >= 2.8.0 gobject-2.0 gthread-2.0 gmodule-2.0"
configure:3535: $? = 0
configure:3548: $PKG_CONFIG --exists --print-errors "glib-2.0 >= 2.8.0 gobject-2.0 gthread-2.0 gmodule-2.0"
configure:3551: $? = 0
configure:3628: result: yes
configure:3635: checking for GTK
configure:3642: $PKG_CONFIG --exists --print-errors "gtk+-2.0 >= 2.10.0"
configure:3645: $? = 0
configure:3658: $PKG_CONFIG --exists --print-errors "gtk+-2.0 >= 2.10.0"
configure:3661: $? = 0
configure:3738: result: yes
configure:3745: checking for TAGLIB
configure:3752: $PKG_CONFIG --exists --print-errors "taglib >= 1.5"
configure:3755: $? = 0
configure:3768: $PKG_CONFIG --exists --print-errors "taglib >= 1.5"
configure:3771: $? = 0
configure:3848: result: yes
configure:3974: creating ./config.status

## ---------------------- ##
## Running config.status. ##
## ---------------------- ##

This file was extended by tabu_audio_player config.status 1.0, which was
generated by GNU Autoconf 2.63.  Invocation command line was

  CONFIG_FILES    = 
  CONFIG_HEADERS  = 
  CONFIG_LINKS    = 
  CONFIG_COMMANDS = 
  $ ./config.status 

on thaddeus

config.status:765: creating Makefile
config.status:765: creating config.h
config.status:987: config.h is unchanged
config.status:1039: executing depfiles commands

## ---------------- ##
## Cache variables. ##
## ---------------- ##

ac_cv_c_compiler_gnu=yes
ac_cv_env_CC_set=
ac_cv_env_CC_value=
ac_cv_env_CFLAGS_set=
ac_cv_env_CFLAGS_value=
ac_cv_env_CPPFLAGS_set=
ac_cv_env_CPPFLAGS_value=
ac_cv_env_GLIB_CFLAGS_set=
ac_cv_env_GLIB_CFLAGS_value=
ac_cv_env_GLIB_LIBS_set=
ac_cv_env_GLIB_LIBS_value=
ac_cv_env_GTK_CFLAGS_set=
ac_cv_env_GTK_CFLAGS_value=
ac_cv_env_GTK_LIBS_set=
ac_cv_env_GTK_LIBS_value=
ac_cv_env_LDFLAGS_set=
ac_cv_env_LDFLAGS_value=
ac_cv_env_LIBS_set=
ac_cv_env_LIBS_value=
ac_cv_env_PKG_CONFIG_set=
ac_cv_env_PKG_CONFIG_value=
ac_cv_env_TAGLIB_CFLAGS_set=
ac_cv_env_TAGLIB_CFLAGS_value=
ac_cv_env_TAGLIB_LIBS_set=
ac_cv_env_TAGLIB_LIBS_value=
ac_cv_env_build_alias_set=
ac_cv_env_build_alias_value=
ac_cv_env_host_alias_set=
ac_cv_env_host_alias_value=
ac_cv_env_target_alias_set=
ac_cv_env_target_alias_value=
ac_cv_objext=o
ac_cv_path_ac_pt_PKG_CONFIG=/usr/bin/pkg-config
ac_cv_path_install='/usr/bin/install -c'
ac_cv_path_mkdir=/bin/mkdir
ac_cv_prog_AWK=gawk
ac_cv_prog_ac_ct_CC=gcc
ac_cv_prog_cc_c89=
ac_cv_prog_cc_g=yes
ac_cv_prog_make_make_set=yes
am_cv_CC_dependencies_compiler_type=gcc3
pkg_cv_GLIB_CFLAGS='-pthread -I/usr/include/glib-2.0 -I/usr/lib/glib-2.0/include  '
pkg_cv_GLIB_LIBS='-pthread -Wl,--export-dynamic -lgobject-2.0 -lgthread-2.0 -lrt -lgmodule-2.0 -lglib-2.0  '
pkg_cv_GTK_CFLAGS='-I/usr/include/gtk-2.0 -I/usr/lib/gtk-2.0/include -I/usr/include/atk-1.0 -I/usr/include/cairo -I/usr/include/pango-1.0 -I/usr/include/glib-2.0 -I/usr/lib/glib-2.0/include -I/usr/include/pixman-1 -I/usr/include/freetype2 -I/usr/include/libpng12  '
pkg_cv_GTK_LIBS='-lgtk-x11-2.0 -lgdk-x11-2.0 -latk-1.0 -lgio-2.0 -lpangoft2-1.0 -lgdk_pixbuf-2.0 -lpangocairo-1.0 -lcairo -lpango-1.0 -lfreetype -lfontconfig -lgobject-2.0 -lgmodule-2.0 -lglib-2.0  '
pkg_cv_TAGLIB_CFLAGS='-I/usr/include/taglib  '
pkg_cv_TAGLIB_LIBS='-ltag  '

## ----------------- ##
## Output variables. ##
## ----------------- ##

ACLOCAL='${SHELL} /home/jorge/Proyectos/tabu_audio_player/missing --run aclocal-1.10'
AMDEPBACKSLASH='\'
AMDEP_FALSE='#'
AMDEP_TRUE=''
AMTAR='${SHELL} /home/jorge/Proyectos/tabu_audio_player/missing --run tar'
AUTOCONF='${SHELL} /home/jorge/Proyectos/tabu_audio_player/missing --run autoconf'
AUTOHEADER='${SHELL} /home/jorge/Proyectos/tabu_audio_player/missing --run autoheader'
AUTOMAKE='${SHELL} /home/jorge/Proyectos/tabu_audio_player/missing --run automake-1.10'
AWK='gawk'
CC='gcc'
CCDEPMODE='depmode=gcc3'
CFLAGS='-g -O2'
CPPFLAGS=''
CYGPATH_W='echo'
DEFS='-DHAVE_CONFIG_H'
DEPDIR='.deps'
ECHO_C=''
ECHO_N='-n'
ECHO_T=''
EXEEXT=''
GLIB_CFLAGS='-pthread -I/usr/include/glib-2.0 -I/usr/lib/glib-2.0/include  '
GLIB_LIBS='-pthread -Wl,--export-dynamic -lgobject-2.0 -lgthread-2.0 -lrt -lgmodule-2.0 -lglib-2.0  '
GTK_CFLAGS='-I/usr/include/gtk-2.0 -I/usr/lib/gtk-2.0/include -I/usr/include/atk-1.0 -I/usr/include/cairo -I/usr/include/pango-1.0 -I/usr/include/glib-2.0 -I/usr/lib/glib-2.0/include -I/usr/include/pixman-1 -I/usr/include/freetype2 -I/usr/include/libpng12  '
GTK_LIBS='-lgtk-x11-2.0 -lgdk-x11-2.0 -latk-1.0 -lgio-2.0 -lpangoft2-1.0 -lgdk_pixbuf-2.0 -lpangocairo-1.0 -lcairo -lpango-1.0 -lfreetype -lfontconfig -lgobject-2.0 -lgmodule-2.0 -lglib-2.0  '
INSTALL_DATA='${INSTALL} -m 644'
INSTALL_PROGRAM='${INSTALL}'
INSTALL_SCRIPT='${INSTALL}'
INSTALL_STRIP_PROGRAM='$(install_sh) -c -s'
LDFLAGS=''
LIBOBJS=''
LIBS=''
LTLIBOBJS=''
MAKEINFO='${SHELL} /home/jorge/Proyectos/tabu_audio_player/missing --run makeinfo'
MKDIR_P='/bin/mkdir -p'
OBJEXT='o'
PACKAGE='tabu_audio_player'
PACKAGE_BUGREPORT='kalmbach@gmail.com'
PACKAGE_NAME='tabu_audio_player'
PACKAGE_STRING='tabu_audio_player 1.0'
PACKAGE_TARNAME='tabu_audio_player'
PACKAGE_VERSION='1.0'
PATH_SEPARATOR=':'
PKG_CONFIG='/usr/bin/pkg-config'
SET_MAKE=''
SHELL='/bin/sh'
STRIP=''
TAGLIB_CFLAGS='-I/usr/include/taglib  '
TAGLIB_LIBS='-ltag  '
VERSION='1.0'
ac_ct_CC='gcc'
am__fastdepCC_FALSE='#'
am__fastdepCC_TRUE=''
am__include='include'
am__isrc=''
am__leading_dot='.'
am__quote=''
am__tar='${AMTAR} chof - "$$tardir"'
am__untar='${AMTAR} xf -'
bindir='${exec_prefix}/bin'
build_alias=''
datadir='${datarootdir}'
datarootdir='${prefix}/share'
docdir='${datarootdir}/doc/${PACKAGE_TARNAME}'
dvidir='${docdir}'
exec_prefix='${prefix}'
host_alias=''
htmldir='${docdir}'
includedir='${prefix}/include'
infodir='${datarootdir}/info'
install_sh='$(SHELL) /home/jorge/Proyectos/tabu_audio_player/install-sh'
libdir='${exec_prefix}/lib'
libexecdir='${exec_prefix}/libexec'
localedir='${datarootdir}/locale'
localstatedir='${prefix}/var'
mandir='${datarootdir}/man'
mkdir_p='/bin/mkdir -p'
oldincludedir='/usr/include'
pdfdir='${docdir}'
prefix='/usr/local'
program_transform_name='s,x,x,'
psdir='${docdir}'
sbindir='${exec_prefix}/sbin'
sharedstatedir='${prefix}/com'
sysconfdir='${prefix}/etc'
target_alias=''

## ----------- ##
## confdefs.h. ##
## ----------- ##

#define PACKAGE_NAME "tabu_audio_player"
#define PACKAGE_TARNAME "tabu_audio_player"
#define PACKAGE_VERSION "1.0"
#define PACKAGE_STRING "tabu_audio_player 1.0"
#define PACKAGE_BUGREPORT "kalmbach@gmail.com"
#define PACKAGE "tabu_audio_player"
#define VERSION "1.0"

configure: exit 0
